Change Component DesignItemId : Designator=DC-DC1 Old DesignItemId= New DesignItemId=12-5
Change Component DesignItemId : Designator=DC-DC3 Old DesignItemId= New DesignItemId=12-5
Change Component DesignItemId : Designator=2 Old DesignItemId= New DesignItemId=12-60
Change Component DesignItemId : Designator=U1 Old DesignItemId= New DesignItemId=AMS1117
Change Component DesignItemId : Designator=U201 Old DesignItemId= New DesignItemId=CN1185
Change Component DesignItemId : Designator=P_F1 Old DesignItemId= New DesignItemId=Fuse 1
Change Component DesignItemId : Designator=P_F2 Old DesignItemId= New DesignItemId=Fuse 1
Change Component DesignItemId : Designator=P6 Old DesignItemId= New DesignItemId=Header 2
Change Component DesignItemId : Designator=P8 Old DesignItemId= New DesignItemId=Header 2
Change Component DesignItemId : Designator=P9 Old DesignItemId= New DesignItemId=Header 2
Change Component DesignItemId : Designator=P_L1 Old DesignItemId= New DesignItemId=Inductor
Change Component DesignItemId : Designator=P_L2 Old DesignItemId= New DesignItemId=Inductor
Change Component DesignItemId : Designator=P_L3 Old DesignItemId= New DesignItemId=Inductor
Change Component DesignItemId : Designator=P_L4 Old DesignItemId= New DesignItemId=Inductor
Change Component DesignItemId : Designator=P_L5 Old DesignItemId= New DesignItemId=Inductor
Change Component DesignItemId : Designator=P_L6 Old DesignItemId= New DesignItemId=Inductor
Change Component DesignItemId : Designator=P_L8 Old DesignItemId= New DesignItemId=Inductor
Change Component DesignItemId : Designator=P_L9 Old DesignItemId= New DesignItemId=Inductor
Change Component DesignItemId : Designator=U200 Old DesignItemId= New DesignItemId=L7805
Change Component DesignItemId : Designator=U4 Old DesignItemId= New DesignItemId=MAX14803
Change Component DesignItemId : Designator=R16 Old DesignItemId= New DesignItemId=Res3
Change Component DesignItemId : Designator=R17 Old DesignItemId= New DesignItemId=Res3
Change Component DesignItemId : Designator=P7 Old DesignItemId= New DesignItemId=ST-LINK
Change Component DesignItemId : Designator=U3 Old DesignItemId= New DesignItemId=STM32F103VET6
Change Component DesignItemId : Designator=S1 Old DesignItemId= New DesignItemId=SW-PB
Change Component DesignItemId : Designator=U5 Old DesignItemId= New DesignItemId=TLP521-4
Change Component DesignItemId : Designator=P_F3 Old DesignItemId=Fu New DesignItemId=Fuse 1
Change Component DesignItemId : Designator=R11 Old DesignItemId=Res New DesignItemId=ResVari
Change Component DesignItemId : Designator=R12 Old DesignItemId=Res New DesignItemId=ResVari
Change Component DesignItemId : Designator=U2 Old DesignItemId=TLC New DesignItemId=TLC2252
Change Component Description : Designator=P_F1 Old Description= New Description=Fuse
Change Component Description : Designator=P_F2 Old Description= New Description=Fuse
Change Component Description : Designator=P_F3 Old Description= New Description=Fuse
Change Component Description : Designator=P6 Old Description= New Description=Header, 2-Pin
Change Component Description : Designator=P8 Old Description= New Description=Header, 2-Pin
Change Component Description : Designator=P9 Old Description= New Description=Header, 2-Pin
Change Component Description : Designator=P1 Old Description= New Description=Header, 17-Pin, Dual row
Change Component Description : Designator=P_L1 Old Description= New Description=Inductor
Change Component Description : Designator=P_L2 Old Description= New Description=Inductor
Change Component Description : Designator=P_L3 Old Description= New Description=Inductor
Change Component Description : Designator=P_L4 Old Description= New Description=Inductor
Change Component Description : Designator=P_L5 Old Description= New Description=Inductor
Change Component Description : Designator=P_L6 Old Description= New Description=Inductor
Change Component Description : Designator=P_L8 Old Description= New Description=Inductor
Change Component Description : Designator=P_L9 Old Description= New Description=Inductor
Change Component Description : Designator=U4 Old Description= New Description=MAX14803
Change Component Description : Designator=Q5 Old Description= New Description=NPN General Purpose Amplifier
Change Component Description : Designator=Q7 Old Description= New Description=NPN General Purpose Amplifier
Change Component Description : Designator=Q8 Old Description= New Description=NPN General Purpose Amplifier
Change Component Description : Designator=Q9 Old Description= New Description=NPN General Purpose Amplifier
Change Component Description : Designator=Q10 Old Description= New Description=NPN General Purpose Amplifier
Change Component Description : Designator=Q1 Old Description= New Description=PNP General Purpose Amplifier
Change Component Description : Designator=Q2 Old Description= New Description=PNP General Purpose Amplifier
Change Component Description : Designator=Q3 Old Description= New Description=PNP General Purpose Amplifier
Change Component Description : Designator=Q4 Old Description= New Description=PNP General Purpose Amplifier
Change Component Description : Designator=Q6 Old Description= New Description=PNP General Purpose Amplifier
Change Component Description : Designator=C20 Old Description= New Description=Polarized Capacitor (Radial)
Change Component Description : Designator=C21 Old Description= New Description=Polarized Capacitor (Radial)
Change Component Description : Designator=C23 Old Description= New Description=Polarized Capacitor (Radial)
Change Component Description : Designator=R9 Old Description= New Description=Resistor
Change Component Description : Designator=R10 Old Description= New Description=Resistor
Change Component Description : Designator=R13 Old Description= New Description=Resistor
Change Component Description : Designator=R14 Old Description= New Description=Resistor
Change Component Description : Designator=R15 Old Description= New Description=Resistor
Change Component Description : Designator=R16 Old Description= New Description=Resistor
Change Component Description : Designator=R17 Old Description= New Description=Resistor
Change Component Description : Designator=S1 Old Description= New Description=Switch-按键
Change Component Description : Designator=D1 Old Description=1.0 Am New Description=1.0 Ampere Schottky Barrier Rectifiers
Change Component Description : Designator=C11 Old Description=Cap New Description=Capacitor (Semiconductor SIM Model)
Change Component Description : Designator=C19 Old Description=Cap New Description=Capacitor (Semiconductor SIM Model)
Change Component Description : Designator=C22 Old Description=Cap New Description=Capacitor (Semiconductor SIM Model)
Change Component Description : Designator=C24 Old Description=Cap New Description=Capacitor (Semiconductor SIM Model)
Change Component Description : Designator=C25 Old Description=Cap New Description=Capacitor (Semiconductor SIM Model)
Change Component Description : Designator=C26 Old Description=Cap New Description=Capacitor (Semiconductor SIM Model)
Change Component Description : Designator=C27 Old Description=Cap New Description=Capacitor (Semiconductor SIM Model)
Change Component Description : Designator=C28 Old Description=Cap New Description=Capacitor (Semiconductor SIM Model)
Change Component Description : Designator=C29 Old Description=Cap New Description=Capacitor (Semiconductor SIM Model)
Change Component Description : Designator=C30 Old Description=Cap New Description=Capacitor (Semiconductor SIM Model)
Change Component Description : Designator=C31 Old Description=Cap New Description=Capacitor (Semiconductor SIM Model)
Change Component Description : Designator=C33 Old Description=Cap New Description=Capacitor (Semiconductor SIM Model)
Change Component Description : Designator=C35 Old Description=Cap New Description=Capacitor (Semiconductor SIM Model)
Change Component Description : Designator=C36 Old Description=Cap New Description=Capacitor (Semiconductor SIM Model)
Change Component Description : Designator=C37 Old Description=Cap New Description=Capacitor (Semiconductor SIM Model)
Change Component Description : Designator=C38 Old Description=Cap New Description=Capacitor (Semiconductor SIM Model)
Change Component Description : Designator=C39 Old Description=Cap New Description=Capacitor (Semiconductor SIM Model)
Change Component Description : Designator=Y1 Old Description=Cr New Description=Crystal Oscillator
Change Component Description : Designator=P3 Old Description=Heade New Description=Header, 2-Pin
Change Component Description : Designator=JP6 Old Description=Heade New Description=Header, 3-Pin
Change Component Description : Designator=POWER1 Old Description=Heade New Description=Header, 3-Pin
Change Component Description : Designator=POWER2 Old Description=Heade New Description=Header, 3-Pin
Change Component Description : Designator=POWER3 Old Description=Heade New Description=Header, 3-Pin
Change Component Description : Designator=POWER4 Old Description=Heade New Description=Header, 3-Pin
Change Component Description : Designator=P4 Old Description=Heade New Description=Header, 4-Pin
Change Component Description : Designator=P5 Old Description=Heade New Description=Header, 5-Pin
Change Component Description : Designator=JP1 Old Description=Heade New Description=Header, 6-Pin
Change Component Description : Designator=C32 Old Description=Polarized Capacitor (Surface Mo New Description=Polarized Capacitor (Surface Mount)
Change Component Description : Designator=C34 Old Description=Polarized Capacitor (Surface Mo New Description=Polarized Capacitor (Surface Mount)
Change Component Description : Designator=P_C1 Old Description=Polarized Capacitor New Description=Polarized Capacitor (Surface Mount)
Change Component Description : Designator=P_C2 Old Description=Polarized Capacitor New Description=Polarized Capacitor (Surface Mount)
Change Component Description : Designator=P_C3 Old Description=Polarized Capacitor New Description=Polarized Capacitor (Surface Mount)
Change Component Description : Designator=P_C4 Old Description=Polarized Capacitor New Description=Polarized Capacitor (Surface Mount)
Change Component Description : Designator=P_C5 Old Description=Polarized Capacitor New Description=Polarized Capacitor (Surface Mount)
Change Component Description : Designator=P_C6 Old Description=Polarized Capacitor New Description=Polarized Capacitor (Surface Mount)
Change Component Description : Designator=P_C8 Old Description=Polarized Capacitor New Description=Polarized Capacitor (Surface Mount)
Change Component Description : Designator=P_C9 Old Description=Polarized Capacitor New Description=Polarized Capacitor (Surface Mount)
Change Component Description : Designator=R2 Old Description=Resi New Description=Resistor
Change Component Description : Designator=R7 Old Description=Resi New Description=Resistor
Change Component Description : Designator=R8 Old Description=Resi New Description=Resistor
Change Component Description : Designator=R19 Old Description=Resi New Description=Resistor
Change Component Description : Designator=R21 Old Description=Resi New Description=Resistor
Change Component Description : Designator=R22 Old Description=Resi New Description=Resistor
Change Component Description : Designator=R23 Old Description=Resi New Description=Resistor
Change Component Description : Designator=R24 Old Description=Resi New Description=Resistor
Change Component Library : Designator=U200 Old Library=8 New Library=8通道刺激仪.SchLib
Change Component Library : Designator=U201 Old Library=8 New Library=8通道刺激仪.SchLib
Change Component Library : Designator=DC-DC1 Old Library=8通道 New Library=8通道刺激仪.SchLib
Change Component Library : Designator=DC-DC3 Old Library=8通道 New Library=8通道刺激仪.SchLib
Change Component Library : Designator=U5 Old Library=? New Library=常用器件原理图库.SchLib
Change Component Library : Designator=R16 Old Library=Miscellaneou New Library=Miscellaneous Devices.IntLib
Change Component Library : Designator=R17 Old Library=Miscellaneou New Library=Miscellaneous Devices.IntLib
Change Component Library : Designator=P6 Old Library=Miscellaneous Connector New Library=Miscellaneous Connectors.IntLib
Change Component Library : Designator=P8 Old Library=Miscellaneous Connector New Library=Miscellaneous Connectors.IntLib
Change Component Library : Designator=P9 Old Library=Miscellaneous Connector New Library=Miscellaneous Connectors.IntLib
Change Component Library : Designator=P_F1 Old Library=Miscellaneous Devices.In New Library=Miscellaneous Devices.IntLib
Change Component Library : Designator=P_F2 Old Library=Miscellaneous Devices.In New Library=Miscellaneous Devices.IntLib
Change Component Library : Designator=2 Old Library=常用 New Library=常用器件原理图库.SchLib
Change Component Library : Designator=P7 Old Library=常用 New Library=常用器件原理图库.SchLib
Change Component Library : Designator=U1 Old Library=常用 New Library=常用器件原理图库.SchLib
Change Component Library : Designator=U4 Old Library=常用器 New Library=常用器件原理图库.SchLib
Change Component Library : Designator=U3 Old Library=常用器件 New Library=常用器件原理图库.SchLib
Change Component Library : Designator=S1 Old Library=常用器件原理图? New Library=常用器件原理图库.SchLib
Added Room: Name=U_ADC_USB
Added Room: Name=U_Li_Monitor
Added Room: Name=U_电源3
Added Room: Name=输出板
Added Room: Name=高压刺激电路
