Removed Pin From Net: NetName=NetLED10_1 Pin=DS2-1
Removed Pin From Net: NetName=GNDB Pin=DS2-2
Removed Pin From Net: NetName=RST1 Pin=P2-1
Removed Pin From Net: NetName=DGND Pin=P2-2
Removed Pin From Net: NetName=TCK Pin=P2-3
Removed Pin From Net: NetName=TMS Pin=P2-4
Removed Pin From Net: NetName=TDI Pin=P2-5
Removed Pin From Net: NetName=TDO Pin=P2-6
Removed Member From Class: ClassName=U_ADC_USB Member=DS2
Removed Member From Class: ClassName=输出板 Member=P10
Change Component DesignItemId : Designator=C200 Old DesignItemId= New DesignItemId=Cap
Change Component DesignItemId : Designator=C201 Old DesignItemId= New DesignItemId=Cap
Change Component DesignItemId : Designator=P_C7 Old DesignItemId= New DesignItemId=Cap Pol3
Change Component DesignItemId : Designator=U201 Old DesignItemId= New DesignItemId=CN1185
Change Component DesignItemId : Designator=P_F3 Old DesignItemId= New DesignItemId=Fuse 1
Change Component DesignItemId : Designator=P12 Old DesignItemId= New DesignItemId=Header 4
Change Component DesignItemId : Designator=P11 Old DesignItemId= New DesignItemId=Header 5
Change Component DesignItemId : Designator=P_L7 Old DesignItemId= New DesignItemId=Inductor
Change Component DesignItemId : Designator=U200 Old DesignItemId= New DesignItemId=L7805
Change Component DesignItemId : Designator=R200 Old DesignItemId= New DesignItemId=Res1
Change Component DesignItemId : Designator=R201 Old DesignItemId= New DesignItemId=Res1
Change Component DesignItemId : Designator=R202 Old DesignItemId= New DesignItemId=Res1
Change Component DesignItemId : Designator=R203 Old DesignItemId= New DesignItemId=Res1
Change Component DesignItemId : Designator=R204 Old DesignItemId= New DesignItemId=Res1
Change Component DesignItemId : Designator=R205 Old DesignItemId= New DesignItemId=Res1
Change Component DesignItemId : Designator=R206 Old DesignItemId= New DesignItemId=Res1
Change Component DesignItemId : Designator=R207 Old DesignItemId= New DesignItemId=Res1
Change Component DesignItemId : Designator=R208 Old DesignItemId= New DesignItemId=Res1
Change Component DesignItemId : Designator=R209 Old DesignItemId= New DesignItemId=Res1
Change Component DesignItemId : Designator=R210 Old DesignItemId= New DesignItemId=Res1
Change Component DesignItemId : Designator=R211 Old DesignItemId= New DesignItemId=Res1
Change Component DesignItemId : Designator=R212 Old DesignItemId= New DesignItemId=Res1
Change Component DesignItemId : Designator=P2 Old DesignItemId=Header 6 New DesignItemId=Header 2
Change Component Footprint: Designator=P2 Old Footprint=HDR1X6 New Footprint=HDR1X2
Change Component Comment : Designator=C200 Old Comment=0.1u New Comment=0.33uF
Change Component Comment : Designator=C201 Old Comment=0.33u New Comment=0.1uF
Change Component Comment : Designator=P_C7 Old Comment=10uF/16V New Comment=Cap Pol3
Change Component Comment : Designator=P_L7 Old Comment=33uH New Comment=Inductor
Change Component Comment : Designator=ADP1 Old Comment=ADP1711 New Comment=LDO?
Change Component Comment : Designator=P_F3 Old Comment=Fuse  New Comment=Fuse 1
Change Component Comment : Designator=P2 Old Comment=Header 6 New Comment=Header 2
Change Component Comment : Designator=DS1 Old Comment=LED New Comment=IN4148
Change Component Designator: OldDesignator=P1 NewDesignator=DC12V_IN
Change Component Designator: OldDesignator=P10 NewDesignator=P1
Change Component Designator: OldDesignator=P11 NewDesignator=P5
Change Component Designator: OldDesignator=P12 NewDesignator=P4
Change Component Description : Designator=C200 Old Description= New Description=Capacitor
Change Component Description : Designator=C201 Old Description= New Description=Capacitor
Change Component Description : Designator=P_F3 Old Description= New Description=Fuse
Change Component Description : Designator=P4 Old Description= New Description=Header, 4-Pin
Change Component Description : Designator=P5 Old Description= New Description=Header, 5-Pin
Change Component Description : Designator=P1 Old Description= New Description=Header, 17-Pin, Dual row
Change Component Description : Designator=P_L7 Old Description= New Description=Inductor
Change Component Description : Designator=P_C7 Old Description= New Description=Polarized Capacitor (Surface Mount)
Change Component Description : Designator=R200 Old Description= New Description=Resistor
Change Component Description : Designator=R201 Old Description= New Description=Resistor
Change Component Description : Designator=R202 Old Description= New Description=Resistor
Change Component Description : Designator=R203 Old Description= New Description=Resistor
Change Component Description : Designator=R204 Old Description= New Description=Resistor
Change Component Description : Designator=R205 Old Description= New Description=Resistor
Change Component Description : Designator=R206 Old Description= New Description=Resistor
Change Component Description : Designator=R207 Old Description= New Description=Resistor
Change Component Description : Designator=R208 Old Description= New Description=Resistor
Change Component Description : Designator=R209 Old Description= New Description=Resistor
Change Component Description : Designator=R210 Old Description= New Description=Resistor
Change Component Description : Designator=R211 Old Description= New Description=Resistor
Change Component Description : Designator=R212 Old Description= New Description=Resistor
Change Component Library : Designator=U200 Old Library= New Library=8通道刺激仪.SchLib
Change Component Library : Designator=U201 Old Library= New Library=8通道刺激仪.SchLib
Change Component Library : Designator=C200 Old Library= New Library=Miscellaneous Devices.IntLib
Change Component Library : Designator=C201 Old Library= New Library=Miscellaneous Devices.IntLib
Change Component Library : Designator=P_C7 Old Library= New Library=Miscellaneous Devices.IntLib
Change Component Library : Designator=P_F3 Old Library= New Library=Miscellaneous Devices.IntLib
Change Component Library : Designator=P_L7 Old Library= New Library=Miscellaneous Devices.IntLib
Change Component Library : Designator=R200 Old Library= New Library=Miscellaneous Devices.IntLib
Change Component Library : Designator=R201 Old Library= New Library=Miscellaneous Devices.IntLib
Change Component Library : Designator=R202 Old Library= New Library=Miscellaneous Devices.IntLib
Change Component Library : Designator=R203 Old Library= New Library=Miscellaneous Devices.IntLib
Change Component Library : Designator=R204 Old Library= New Library=Miscellaneous Devices.IntLib
Change Component Library : Designator=R205 Old Library= New Library=Miscellaneous Devices.IntLib
Change Component Library : Designator=R206 Old Library= New Library=Miscellaneous Devices.IntLib
Change Component Library : Designator=R207 Old Library= New Library=Miscellaneous Devices.IntLib
Change Component Library : Designator=R208 Old Library= New Library=Miscellaneous Devices.IntLib
Change Component Library : Designator=R209 Old Library= New Library=Miscellaneous Devices.IntLib
Change Component Library : Designator=R210 Old Library= New Library=Miscellaneous Devices.IntLib
Change Component Library : Designator=R211 Old Library= New Library=Miscellaneous Devices.IntLib
Change Component Library : Designator=R212 Old Library= New Library=Miscellaneous Devices.IntLib
Change Component Library : Designator=P5 Old Library=Mis New Library=Miscellaneous Connectors.IntLib
Change Component Library : Designator=P4 Old Library=Mis New Library=Miscellaneous Connectors.IntLib
Added Component: Designator=2(12-60)
Added Component: Designator=C11(C0603)
Added Component: Designator=C19(C0603)
Added Component: Designator=C20(C1206)
Added Component: Designator=C21(1206)
Added Component: Designator=C22(CC1608-0603)
Added Component: Designator=C23(1206)
Added Component: Designator=C24(CC1608-0603)
Added Component: Designator=C25(CC1608-0603)
Added Component: Designator=C26(C0603)
Added Component: Designator=C27(C0603)
Added Component: Designator=C28(C0603)
Added Component: Designator=C29(C0603)
Added Component: Designator=C30(C0603)
Added Component: Designator=C31(C0603)
Added Component: Designator=C32(C0805)
Added Component: Designator=C33(C0603)
Added Component: Designator=C34(C0805)
Added Component: Designator=C35(C0603)
Added Component: Designator=C36(C0603)
Added Component: Designator=C37(C0603)
Added Component: Designator=C38(C0603)
Added Component: Designator=C39(C0603)
Added Component: Designator=D1(DO-214 SMA)
Added Component: Designator=DC-DC1(12-5)
Added Component: Designator=DC-DC3(12-5)
Added Component: Designator=JP1(HDR1X6)
Added Component: Designator=JP6(HDR1X3)
Added Component: Designator=LED10(6-0805_M)
Added Component: Designator=P3(HDR1X2)
Added Component: Designator=P6(HDR1X2)
Added Component: Designator=P7(HDR1X3)
Added Component: Designator=P8(HDR1X2)
Added Component: Designator=P9(HDR1X2)
Added Component: Designator=P_C1(cap_2.54)
Added Component: Designator=P_C2(cap_2.54)
Added Component: Designator=P_C3(cap_2.54)
Added Component: Designator=P_C4(cap_2.54)
Added Component: Designator=P_C5(cap_2.54)
Added Component: Designator=P_C6(cap_2.54)
Added Component: Designator=P_C8(cap_2.54)
Added Component: Designator=P_C9(cap_2.54)
Added Component: Designator=P_F1(HDR1X2)
Added Component: Designator=P_F2(HDR1X2)
Added Component: Designator=P_L1(AXIAL-0.4)
Added Component: Designator=P_L2(AXIAL-0.4)
Added Component: Designator=P_L3(AXIAL-0.4)
Added Component: Designator=P_L4(AXIAL-0.4)
Added Component: Designator=P_L5(AXIAL-0.4)
Added Component: Designator=P_L6(AXIAL-0.4)
Added Component: Designator=P_L8(AXIAL-0.4)
Added Component: Designator=P_L9(AXIAL-0.4)
Added Component: Designator=POWER1(HDR1X3)
Added Component: Designator=POWER2(HDR1X3)
Added Component: Designator=POWER3(HDR1X3)
Added Component: Designator=Q1(TO-92A)
Added Component: Designator=Q2(TO-92A)
Added Component: Designator=Q3(TO-92A)
Added Component: Designator=Q4(TO-92A)
Added Component: Designator=Q5(TO-92A)
Added Component: Designator=Q6(TO-92A)
Added Component: Designator=Q7(TO-92A)
Added Component: Designator=Q8(TO-92A)
Added Component: Designator=Q9(TO-92A)
Added Component: Designator=Q10(TO-92A)
Added Component: Designator=R2(R0603)
Added Component: Designator=R7(R0603)
Added Component: Designator=R8(R0603)
Added Component: Designator=R9(C1608-0603)
Added Component: Designator=R10(C1608-0603)
Added Component: Designator=R11(VR5)
Added Component: Designator=R12(VR5)
Added Component: Designator=R13(C1608-0603)
Added Component: Designator=R14(C1608-0603)
Added Component: Designator=R15(C1608-0603)
Added Component: Designator=R16(J1-0603)
Added Component: Designator=R17(J1-0603)
Added Component: Designator=R18(R0603)
Added Component: Designator=R19(R0603)
Added Component: Designator=R20(R0603)
Added Component: Designator=S1(SWITCH)
Added Component: Designator=TLP521-2(DIP-8)
Added Component: Designator=U1(SOT223-4M)
Added Component: Designator=U2(INA128_SO8)
Added Component: Designator=U3(LQFP100)
Added Component: Designator=U4(TQFP48_N)
Added Component: Designator=Y1(BCY-W2/E4.7)
Added Pin To Net: NetName=GND Pin=2-1
Added Pin To Net: NetName=GND Pin=DC-DC1-2
Added Pin To Net: NetName=NetDC-DC1_3 Pin=DC-DC1-3
Added Pin To Net: NetName=NetDC-DC1_5 Pin=DC-DC1-5
Added Pin To Net: NetName=NetDC-DC3_1 Pin=DC-DC3-1
Added Pin To Net: NetName=GND Pin=DC-DC3-2
Added Pin To Net: NetName=NetDC-DC3_3 Pin=DC-DC3-3
Added Pin To Net: NetName=GNDB Pin=DC-DC3-4
Added Pin To Net: NetName=NetDC-DC3_5 Pin=DC-DC3-5
Added Pin To Net: NetName=RST1 Pin=JP1-1
Added Pin To Net: NetName=DGND Pin=JP1-2
Added Pin To Net: NetName=TCK Pin=JP1-3
Added Pin To Net: NetName=TMS Pin=JP1-4
Added Pin To Net: NetName=TDI Pin=JP1-5
Added Pin To Net: NetName=TDO Pin=JP1-6
Added Pin To Net: NetName=GNDB Pin=JP6-1
Added Pin To Net: NetName=GNDB Pin=JP6-2
Added Pin To Net: NetName=GNDB Pin=JP6-3
Added Pin To Net: NetName=NetLED10_1 Pin=LED10-1
Added Pin To Net: NetName=GNDB Pin=LED10-2
Added Pin To Net: NetName=5V Pin=P2-1
Added Pin To Net: NetName=GNDB Pin=P2-2
Added Pin To Net: NetName=NetP_C1_1 Pin=P_C1-1
Added Pin To Net: NetName=GND Pin=P_C1-2
Added Pin To Net: NetName=GND Pin=P_C5-2
Added Pin To Net: NetName=VCC_+5V Pin=P_C8-1
Added Pin To Net: NetName=GNDB Pin=P_C8-2
Added Pin To Net: NetName=GNDB Pin=P_C9-1
Added Pin To Net: NetName=IN_+12V Pin=P_F1-1
Added Pin To Net: NetName=NetP_C1_1 Pin=P_F1-2
Added Pin To Net: NetName=IN_+12V Pin=P_F2-1
Added Pin To Net: NetName=NetDC-DC1_5 Pin=P_L1-1
Added Pin To Net: NetName=NetP_C1_1 Pin=P_L2-1
Added Pin To Net: NetName=NetDC-DC1_3 Pin=P_L3-1
Added Pin To Net: NetName=NetDC-DC3_5 Pin=P_L8-1
Added Pin To Net: NetName=VCC_+5V Pin=P_L8-2
Added Pin To Net: NetName=NetDC-DC3_3 Pin=P_L9-1
Added Pin To Net: NetName=VCC_+5V Pin=POWER3-1
Added Pin To Net: NetName=GNDB Pin=POWER3-2
Added Pin To Net: NetName=A+3.3V Pin=R8-1
Added Pin To Net: NetName=A+3.3V Pin=R19-1
Change Net Name : Old Net Name=A+3.3V New Net Name=A3V3
Change Net Name : Old Net Name=GNDB New Net Name=GND5V1
Change Net Name : Old Net Name=VCC_+5V New Net Name=VCC5V1
Added Pin To Net: NetName=3.3V Pin=C19-2
Added Pin To Net: NetName=3.3V Pin=C20-1
Added Pin To Net: NetName=3.3V Pin=C27-1
Added Pin To Net: NetName=3.3V Pin=C34-1
Added Pin To Net: NetName=3.3V Pin=C35-1
Added Pin To Net: NetName=3.3V Pin=C36-1
Added Pin To Net: NetName=3.3V Pin=C37-1
Added Pin To Net: NetName=3.3V Pin=C38-1
Added Pin To Net: NetName=3.3V Pin=C39-1
Added Pin To Net: NetName=3.3V Pin=P1-31
Added Pin To Net: NetName=3.3V Pin=P6-1
Added Pin To Net: NetName=3.3V Pin=P6-2
Added Pin To Net: NetName=3.3V Pin=R2-1
Added Pin To Net: NetName=3.3V Pin=R7-2
Added Pin To Net: NetName=3.3V Pin=R17-2
Added Pin To Net: NetName=3.3V Pin=R18-1
Added Pin To Net: NetName=3.3V Pin=U1-2
Added Pin To Net: NetName=3.3V Pin=U1-4
Added Pin To Net: NetName=3.3V Pin=U3-6
Added Pin To Net: NetName=3.3V Pin=U3-11
Added Pin To Net: NetName=3.3V Pin=U3-28
Added Pin To Net: NetName=3.3V Pin=U3-50
Added Pin To Net: NetName=3.3V Pin=U3-75
Added Pin To Net: NetName=3.3V Pin=U3-100
Added Pin To Net: NetName=3.3V Pin=U4-18
Added Net: Name=3.3V
Added Pin To Net: NetName=66 Pin=cpu1-5
Added Pin To Net: NetName=66 Pin=P3-1
Added Pin To Net: NetName=66 Pin=TLP521-2-2
Added Net: Name=66
Added Pin To Net: NetName=67 Pin=cpu1-6
Added Pin To Net: NetName=67 Pin=P3-2
Added Pin To Net: NetName=67 Pin=TLP521-2-4
Added Net: Name=67
Added Pin To Net: NetName=AD1 Pin=P1-32
Added Pin To Net: NetName=AD1 Pin=U3-15
Added Net: Name=AD1
Added Pin To Net: NetName=AD2 Pin=P1-34
Added Pin To Net: NetName=AD2 Pin=U3-16
Added Net: Name=AD2
Added Pin To Net: NetName=AD3 Pin=U3-17
Added Net: Name=AD3
Added Pin To Net: NetName=AD4 Pin=U3-18
Added Net: Name=AD4
Added Pin To Net: NetName=AGND Pin=C31-1
Added Pin To Net: NetName=AGND Pin=C32-2
Added Pin To Net: NetName=AGND Pin=U3-20
Added Net: Name=AGND
Added Pin To Net: NetName=BOOT1 Pin=U3-37
Added Net: Name=BOOT1
Added Pin To Net: NetName=DAC Pin=U2-3
Added Pin To Net: NetName=DAC Pin=U3-29
Added Net: Name=DAC
Added Pin To Net: NetName=GND5V2 Pin=C11-1
Added Pin To Net: NetName=GND5V2 Pin=C19-1
Added Pin To Net: NetName=GND5V2 Pin=C20-2
Added Pin To Net: NetName=GND5V2 Pin=C21-2
Added Pin To Net: NetName=GND5V2 Pin=C22-2
Added Pin To Net: NetName=GND5V2 Pin=C23-1
Added Pin To Net: NetName=GND5V2 Pin=C24-1
Added Pin To Net: NetName=GND5V2 Pin=C25-1
Added Pin To Net: NetName=GND5V2 Pin=C26-2
Added Pin To Net: NetName=GND5V2 Pin=C27-2
Added Pin To Net: NetName=GND5V2 Pin=C28-2
Added Pin To Net: NetName=GND5V2 Pin=C29-2
Added Pin To Net: NetName=GND5V2 Pin=C30-2
Added Pin To Net: NetName=GND5V2 Pin=C33-1
Added Pin To Net: NetName=GND5V2 Pin=C34-2
Added Pin To Net: NetName=GND5V2 Pin=C35-2
Added Pin To Net: NetName=GND5V2 Pin=C36-2
Added Pin To Net: NetName=GND5V2 Pin=C37-2
Added Pin To Net: NetName=GND5V2 Pin=C38-2
Added Pin To Net: NetName=GND5V2 Pin=C39-2
Added Pin To Net: NetName=GND5V2 Pin=DC-DC1-4
Added Pin To Net: NetName=GND5V2 Pin=P1-33
Added Pin To Net: NetName=GND5V2 Pin=P7-2
Added Pin To Net: NetName=GND5V2 Pin=P_C2-2
Added Pin To Net: NetName=GND5V2 Pin=P_C3-1
Added Pin To Net: NetName=GND5V2 Pin=POWER1-2
Added Pin To Net: NetName=GND5V2 Pin=R20-1
Added Pin To Net: NetName=GND5V2 Pin=S1-4
Added Pin To Net: NetName=GND5V2 Pin=TLP521-2-5
Added Pin To Net: NetName=GND5V2 Pin=TLP521-2-7
Added Pin To Net: NetName=GND5V2 Pin=U1-1
Added Pin To Net: NetName=GND5V2 Pin=U3-10
Added Pin To Net: NetName=GND5V2 Pin=U3-27
Added Pin To Net: NetName=GND5V2 Pin=U3-49
Added Pin To Net: NetName=GND5V2 Pin=U3-74
Added Pin To Net: NetName=GND5V2 Pin=U3-94
Added Pin To Net: NetName=GND5V2 Pin=U3-99
Added Pin To Net: NetName=GND5V2 Pin=U4-17
Added Net: Name=GND5V2
Added Pin To Net: NetName=GND60V Pin=2-4
Added Pin To Net: NetName=GND60V Pin=P_C4-2
Added Pin To Net: NetName=GND60V Pin=P_C6-1
Added Pin To Net: NetName=GND60V Pin=POWER2-2
Added Pin To Net: NetName=GND60V Pin=R20-2
Added Net: Name=GND60V
Added Pin To Net: NetName=INPUT_IN1 Pin=R2-2
Added Pin To Net: NetName=INPUT_IN1 Pin=TLP521-2-8
Added Pin To Net: NetName=INPUT_IN1 Pin=U3-23
Added Net: Name=INPUT_IN1
Added Pin To Net: NetName=INPUT_IN2 Pin=R7-1
Added Pin To Net: NetName=INPUT_IN2 Pin=TLP521-2-6
Added Pin To Net: NetName=INPUT_IN2 Pin=U3-24
Added Net: Name=INPUT_IN2
Added Pin To Net: NetName=INPUT_IN3 Pin=U3-25
Added Net: Name=INPUT_IN3
Added Pin To Net: NetName=INPUT_IN4 Pin=U3-26
Added Net: Name=INPUT_IN4
Added Pin To Net: NetName=LED1 Pin=U3-97
Added Net: Name=LED1
Added Pin To Net: NetName=LED2 Pin=U3-98
Added Net: Name=LED2
Added Pin To Net: NetName=LED3 Pin=U3-1
Added Net: Name=LED3
Added Pin To Net: NetName=LED4 Pin=U3-2
Added Net: Name=LED4
Added Pin To Net: NetName=MAX14803_CLK Pin=U3-52
Added Pin To Net: NetName=MAX14803_CLK Pin=U4-20
Added Net: Name=MAX14803_CLK
Added Pin To Net: NetName=MAX14803_CLR Pin=U3-47
Added Pin To Net: NetName=MAX14803_CLR Pin=U4-22
Added Net: Name=MAX14803_CLR
Added Pin To Net: NetName=MAX14803_DIN Pin=U3-54
Added Pin To Net: NetName=MAX14803_DIN Pin=U4-19
Added Net: Name=MAX14803_DIN
Added Pin To Net: NetName=MAX14803_DOUT Pin=U3-53
Added Pin To Net: NetName=MAX14803_DOUT Pin=U4-23
Added Net: Name=MAX14803_DOUT
Added Pin To Net: NetName=MAX14803_NLE Pin=U3-96
Added Pin To Net: NetName=MAX14803_NLE Pin=U4-21
Added Net: Name=MAX14803_NLE
Added Pin To Net: NetName=Net2_2 Pin=2-2
Added Pin To Net: NetName=Net2_2 Pin=P_L4-2
Added Net: Name=Net2_2
Added Pin To Net: NetName=Net2_3 Pin=2-3
Added Pin To Net: NetName=Net2_3 Pin=P_L6-1
Added Net: Name=Net2_3
Added Pin To Net: NetName=Net2_5 Pin=2-5
Added Pin To Net: NetName=Net2_5 Pin=P_L5-1
Added Net: Name=Net2_5
Added Pin To Net: NetName=NetC11_2 Pin=C11-2
Added Pin To Net: NetName=NetC11_2 Pin=D1-K
Added Pin To Net: NetName=NetC11_2 Pin=U1-3
Added Net: Name=NetC11_2
Added Pin To Net: NetName=NetC25_2 Pin=C25-2
Added Pin To Net: NetName=NetC25_2 Pin=R13-1
Added Pin To Net: NetName=NetC25_2 Pin=U2-5
Added Net: Name=NetC25_2
Added Pin To Net: NetName=NetDC-DC1_1 Pin=DC-DC1-1
Added Pin To Net: NetName=NetDC-DC1_1 Pin=P_L2-2
Added Net: Name=NetDC-DC1_1
Added Pin To Net: NetName=NetP_C5_1 Pin=P_C5-1
Added Pin To Net: NetName=NetP_C5_1 Pin=P_F2-2
Added Pin To Net: NetName=NetP_C5_1 Pin=P_L4-1
Added Net: Name=NetP_C5_1
Added Pin To Net: NetName=NetQ1_1 Pin=Q1-1
Added Pin To Net: NetName=NetQ1_1 Pin=R9-1
Added Net: Name=NetQ1_1
Added Pin To Net: NetName=NetQ1_2 Pin=Q1-2
Added Pin To Net: NetName=NetQ1_2 Pin=Q2-2
Added Pin To Net: NetName=NetQ1_2 Pin=Q2-3
Added Pin To Net: NetName=NetQ1_2 Pin=Q4-1
Added Net: Name=NetQ1_2
Added Pin To Net: NetName=NetQ1_3 Pin=Q1-3
Added Pin To Net: NetName=NetQ1_3 Pin=Q3-1
Added Net: Name=NetQ1_3
Added Pin To Net: NetName=NetQ2_1 Pin=Q2-1
Added Pin To Net: NetName=NetQ2_1 Pin=R10-1
Added Net: Name=NetQ2_1
Added Pin To Net: NetName=NetQ3_2 Pin=Q3-2
Added Pin To Net: NetName=NetQ3_2 Pin=Q3-3
Added Pin To Net: NetName=NetQ3_2 Pin=Q4-2
Added Pin To Net: NetName=NetQ3_2 Pin=Q5-3
Added Net: Name=NetQ3_2
Added Pin To Net: NetName=NetQ5_1 Pin=Q5-1
Added Pin To Net: NetName=NetQ5_1 Pin=R11-1
Added Pin To Net: NetName=NetQ5_1 Pin=U2-2
Added Net: Name=NetQ5_1
Added Pin To Net: NetName=NetQ5_2 Pin=Q5-2
Added Pin To Net: NetName=NetQ5_2 Pin=U2-1
Added Net: Name=NetQ5_2
Added Pin To Net: NetName=NetQ6_1 Pin=Q6-1
Added Pin To Net: NetName=NetQ6_1 Pin=R11-2
Added Pin To Net: NetName=NetQ6_1 Pin=U2-6
Added Net: Name=NetQ6_1
Added Pin To Net: NetName=NetQ6_2 Pin=Q6-2
Added Pin To Net: NetName=NetQ6_2 Pin=U2-7
Added Net: Name=NetQ6_2
Added Pin To Net: NetName=NetQ6_3 Pin=Q6-3
Added Pin To Net: NetName=NetQ6_3 Pin=Q7-2
Added Pin To Net: NetName=NetQ6_3 Pin=Q7-3
Added Pin To Net: NetName=NetQ6_3 Pin=Q8-2
Added Net: Name=NetQ6_3
Added Pin To Net: NetName=NetQ7_1 Pin=Q7-1
Added Pin To Net: NetName=NetQ7_1 Pin=Q9-3
Added Net: Name=NetQ7_1
Added Pin To Net: NetName=NetQ8_1 Pin=Q8-1
Added Pin To Net: NetName=NetQ8_1 Pin=Q9-2
Added Pin To Net: NetName=NetQ8_1 Pin=Q10-2
Added Pin To Net: NetName=NetQ8_1 Pin=Q10-3
Added Net: Name=NetQ8_1
Added Pin To Net: NetName=NetQ9_1 Pin=Q9-1
Added Pin To Net: NetName=NetQ9_1 Pin=R14-2
Added Net: Name=NetQ9_1
Added Pin To Net: NetName=NetQ10_1 Pin=Q10-1
Added Pin To Net: NetName=NetQ10_1 Pin=R15-2
Added Net: Name=NetQ10_1
Added Pin To Net: NetName=NetR8_2 Pin=R8-2
Added Pin To Net: NetName=NetR8_2 Pin=TLP521-2-1
Added Net: Name=NetR8_2
Added Pin To Net: NetName=NetR12_2 Pin=R12-2
Added Pin To Net: NetName=NetR12_2 Pin=R13-2
Added Net: Name=NetR12_2
Added Pin To Net: NetName=NetR19_2 Pin=R19-2
Added Pin To Net: NetName=NetR19_2 Pin=TLP521-2-3
Added Net: Name=NetR19_2
Added Pin To Net: NetName=NetU4_4 Pin=U4-4
Added Pin To Net: NetName=NetU4_4 Pin=U4-9
Added Pin To Net: NetName=NetU4_4 Pin=U4-12
Added Pin To Net: NetName=NetU4_4 Pin=U4-30
Added Pin To Net: NetName=NetU4_4 Pin=U4-38
Added Pin To Net: NetName=NetU4_4 Pin=U4-43
Added Net: Name=NetU4_4
Added Pin To Net: NetName=NetU4_6 Pin=U4-6
Added Pin To Net: NetName=NetU4_6 Pin=U4-8
Added Pin To Net: NetName=NetU4_6 Pin=U4-27
Added Pin To Net: NetName=NetU4_6 Pin=U4-33
Added Pin To Net: NetName=NetU4_6 Pin=U4-42
Added Pin To Net: NetName=NetU4_6 Pin=U4-47
Added Net: Name=NetU4_6
Added Pin To Net: NetName=NRST Pin=C33-2
Added Pin To Net: NetName=NRST Pin=R17-1
Added Pin To Net: NetName=NRST Pin=S1-1
Added Pin To Net: NetName=NRST Pin=U3-14
Added Net: Name=NRST
Added Pin To Net: NetName=OSC_IN Pin=C26-1
Added Pin To Net: NetName=OSC_IN Pin=R16-2
Added Pin To Net: NetName=OSC_IN Pin=U3-12
Added Pin To Net: NetName=OSC_IN Pin=Y1-2
Added Net: Name=OSC_IN
Added Pin To Net: NetName=OSC_OUT Pin=C30-1
Added Pin To Net: NetName=OSC_OUT Pin=R16-1
Added Pin To Net: NetName=OSC_OUT Pin=U3-13
Added Pin To Net: NetName=OSC_OUT Pin=Y1-1
Added Net: Name=OSC_OUT
Added Pin To Net: NetName=OUT1+ Pin=P1-18
Added Pin To Net: NetName=OUT1+ Pin=U4-3
Added Pin To Net: NetName=OUT1+ Pin=U4-45
Added Net: Name=OUT1+
Added Pin To Net: NetName=OUT1- Pin=P1-20
Added Pin To Net: NetName=OUT1- Pin=U4-46
Added Pin To Net: NetName=OUT1- Pin=U4-48
Added Net: Name=OUT1-
Added Pin To Net: NetName=OUT2+ Pin=P1-22
Added Pin To Net: NetName=OUT2+ Pin=U4-40
Added Pin To Net: NetName=OUT2+ Pin=U4-44
Added Net: Name=OUT2+
Added Pin To Net: NetName=OUT2- Pin=P1-24
Added Pin To Net: NetName=OUT2- Pin=U4-39
Added Pin To Net: NetName=OUT2- Pin=U4-41
Added Net: Name=OUT2-
Added Pin To Net: NetName=OUT3+ Pin=U4-32
Added Pin To Net: NetName=OUT3+ Pin=U4-37
Added Net: Name=OUT3+
Added Pin To Net: NetName=OUT3- Pin=U4-31
Added Pin To Net: NetName=OUT3- Pin=U4-34
Added Net: Name=OUT3-
Added Pin To Net: NetName=OUT4+ Pin=U4-26
Added Pin To Net: NetName=OUT4+ Pin=U4-29
Added Net: Name=OUT4+
Added Pin To Net: NetName=OUT4- Pin=U4-25
Added Pin To Net: NetName=OUT4- Pin=U4-28
Added Net: Name=OUT4-
Added Pin To Net: NetName=P3V3A Pin=C31-2
Added Pin To Net: NetName=P3V3A Pin=C32-1
Added Pin To Net: NetName=P3V3A Pin=R18-2
Added Pin To Net: NetName=P3V3A Pin=U3-21
Added Pin To Net: NetName=P3V3A Pin=U3-22
Added Net: Name=P3V3A
Added Pin To Net: NetName=PA5 Pin=U3-30
Added Net: Name=PA5
Added Pin To Net: NetName=PA6 Pin=U3-31
Added Net: Name=PA6
Added Pin To Net: NetName=PA7 Pin=U3-32
Added Net: Name=PA7
Added Pin To Net: NetName=PA8 Pin=U3-67
Added Net: Name=PA8
Added Pin To Net: NetName=PA9 Pin=U3-68
Added Net: Name=PA9
Added Pin To Net: NetName=PA10 Pin=U3-69
Added Net: Name=PA10
Added Pin To Net: NetName=PA11 Pin=U3-70
Added Net: Name=PA11
Added Pin To Net: NetName=PA12 Pin=U3-71
Added Net: Name=PA12
Added Pin To Net: NetName=PA13 Pin=P7-1
Added Pin To Net: NetName=PA13 Pin=U3-72
Added Net: Name=PA13
Added Pin To Net: NetName=PA14 Pin=P7-3
Added Pin To Net: NetName=PA14 Pin=U3-76
Added Net: Name=PA14
Added Pin To Net: NetName=PA15 Pin=U3-77
Added Net: Name=PA15
Added Pin To Net: NetName=PB0 Pin=U3-35
Added Net: Name=PB0
Added Pin To Net: NetName=PB1 Pin=U3-36
Added Net: Name=PB1
Added Pin To Net: NetName=PB3 Pin=U3-89
Added Net: Name=PB3
Added Pin To Net: NetName=PB4 Pin=U3-90
Added Net: Name=PB4
Added Pin To Net: NetName=PB5 Pin=U3-91
Added Net: Name=PB5
Added Pin To Net: NetName=PB6 Pin=U3-92
Added Net: Name=PB6
Added Pin To Net: NetName=PB7 Pin=U3-93
Added Net: Name=PB7
Added Pin To Net: NetName=PB8 Pin=U3-95
Added Net: Name=PB8
Added Pin To Net: NetName=PB11 Pin=U3-48
Added Net: Name=PB11
Added Pin To Net: NetName=PB12 Pin=U3-51
Added Net: Name=PB12
Added Pin To Net: NetName=PC4 Pin=U3-33
Added Net: Name=PC4
Added Pin To Net: NetName=PC5 Pin=U3-34
Added Net: Name=PC5
Added Pin To Net: NetName=PC6 Pin=U3-63
Added Net: Name=PC6
Added Pin To Net: NetName=PC7 Pin=U3-64
Added Net: Name=PC7
Added Pin To Net: NetName=PC8 Pin=U3-65
Added Net: Name=PC8
Added Pin To Net: NetName=PC9 Pin=U3-66
Added Net: Name=PC9
Added Pin To Net: NetName=PC10 Pin=U3-78
Added Net: Name=PC10
Added Pin To Net: NetName=PC11 Pin=U3-79
Added Net: Name=PC11
Added Pin To Net: NetName=PC12 Pin=U3-80
Added Net: Name=PC12
Added Pin To Net: NetName=PC13 Pin=U3-7
Added Net: Name=PC13
Added Pin To Net: NetName=PC14 Pin=U3-8
Added Net: Name=PC14
Added Pin To Net: NetName=PC15 Pin=U3-9
Added Net: Name=PC15
Added Pin To Net: NetName=PD0 Pin=U3-81
Added Net: Name=PD0
Added Pin To Net: NetName=PD1 Pin=U3-82
Added Net: Name=PD1
Added Pin To Net: NetName=PD2 Pin=U3-83
Added Net: Name=PD2
Added Pin To Net: NetName=PD3 Pin=U3-84
Added Net: Name=PD3
Added Pin To Net: NetName=PD4 Pin=U3-85
Added Net: Name=PD4
Added Pin To Net: NetName=PD5 Pin=U3-86
Added Net: Name=PD5
Added Pin To Net: NetName=PD6 Pin=U3-87
Added Net: Name=PD6
Added Pin To Net: NetName=PD7 Pin=U3-88
Added Net: Name=PD7
Added Pin To Net: NetName=PD8 Pin=U3-55
Added Net: Name=PD8
Added Pin To Net: NetName=PD9 Pin=U3-56
Added Net: Name=PD9
Added Pin To Net: NetName=PD10 Pin=U3-57
Added Net: Name=PD10
Added Pin To Net: NetName=PD11 Pin=U3-58
Added Net: Name=PD11
Added Pin To Net: NetName=PD12 Pin=U3-59
Added Net: Name=PD12
Added Pin To Net: NetName=PD13 Pin=U3-60
Added Net: Name=PD13
Added Pin To Net: NetName=PD14 Pin=U3-61
Added Net: Name=PD14
Added Pin To Net: NetName=PD15 Pin=U3-62
Added Net: Name=PD15
Added Pin To Net: NetName=PE4 Pin=U3-3
Added Net: Name=PE4
Added Pin To Net: NetName=PE5 Pin=U3-4
Added Net: Name=PE5
Added Pin To Net: NetName=PE6 Pin=U3-5
Added Net: Name=PE6
Added Pin To Net: NetName=PE7 Pin=U3-38
Added Net: Name=PE7
Added Pin To Net: NetName=PE8 Pin=U3-39
Added Net: Name=PE8
Added Pin To Net: NetName=PE9 Pin=U3-40
Added Net: Name=PE9
Added Pin To Net: NetName=PE10 Pin=U3-41
Added Net: Name=PE10
Added Pin To Net: NetName=PE11 Pin=U3-42
Added Net: Name=PE11
Added Pin To Net: NetName=PE12 Pin=U3-43
Added Net: Name=PE12
Added Pin To Net: NetName=PE13 Pin=U3-44
Added Net: Name=PE13
Added Pin To Net: NetName=PE14 Pin=U3-45
Added Net: Name=PE14
Added Pin To Net: NetName=PE15 Pin=U3-46
Added Net: Name=PE15
Added Pin To Net: NetName=STIM+ Pin=P8-1
Added Pin To Net: NetName=STIM+ Pin=P8-2
Added Pin To Net: NetName=STIM+ Pin=Q4-3
Added Pin To Net: NetName=STIM+ Pin=U4-7
Added Pin To Net: NetName=STIM+ Pin=U4-11
Added Net: Name=STIM+
Added Pin To Net: NetName=STIM- Pin=P9-1
Added Pin To Net: NetName=STIM- Pin=P9-2
Added Pin To Net: NetName=STIM- Pin=Q8-3
Added Pin To Net: NetName=STIM- Pin=U4-5
Added Pin To Net: NetName=STIM- Pin=U4-10
Added Net: Name=STIM-
Added Pin To Net: NetName=VCC5V2 Pin=C21-1
Added Pin To Net: NetName=VCC5V2 Pin=C22-1
Added Pin To Net: NetName=VCC5V2 Pin=D1-A
Added Pin To Net: NetName=VCC5V2 Pin=P_C2-1
Added Pin To Net: NetName=VCC5V2 Pin=P_L1-2
Added Pin To Net: NetName=VCC5V2 Pin=POWER1-1
Added Pin To Net: NetName=VCC5V2 Pin=R12-1
Added Pin To Net: NetName=VCC5V2 Pin=U2-8
Added Net: Name=VCC5V2
Added Pin To Net: NetName=VCC60V Pin=C28-1
Added Pin To Net: NetName=VCC60V Pin=P_C4-1
Added Pin To Net: NetName=VCC60V Pin=P_L5-2
Added Pin To Net: NetName=VCC60V Pin=POWER2-1
Added Pin To Net: NetName=VCC60V Pin=R9-2
Added Pin To Net: NetName=VCC60V Pin=R10-2
Added Pin To Net: NetName=VCC60V Pin=U4-15
Added Net: Name=VCC60V
Added Pin To Net: NetName=VEE5V1 Pin=P_C9-2
Added Pin To Net: NetName=VEE5V1 Pin=P_L9-2
Added Pin To Net: NetName=VEE5V1 Pin=POWER3-3
Added Net: Name=VEE5V1
Added Pin To Net: NetName=VEE5V2 Pin=C23-2
Added Pin To Net: NetName=VEE5V2 Pin=C24-2
Added Pin To Net: NetName=VEE5V2 Pin=P_C3-2
Added Pin To Net: NetName=VEE5V2 Pin=P_L3-2
Added Pin To Net: NetName=VEE5V2 Pin=POWER1-3
Added Pin To Net: NetName=VEE5V2 Pin=R12-3
Added Pin To Net: NetName=VEE5V2 Pin=U2-4
Added Net: Name=VEE5V2
Added Pin To Net: NetName=VEE60V Pin=C29-1
Added Pin To Net: NetName=VEE60V Pin=P_C6-2
Added Pin To Net: NetName=VEE60V Pin=P_L6-2
Added Pin To Net: NetName=VEE60V Pin=POWER2-3
Added Pin To Net: NetName=VEE60V Pin=R14-1
Added Pin To Net: NetName=VEE60V Pin=R15-1
Added Pin To Net: NetName=VEE60V Pin=U4-13
Added Net: Name=VEE60V
Change Class Name : Old Net Name=U_电源35 New Net Name=U_电源3
Added Class: Name=高压刺激电路
Added Member To Class: ClassName=U_电源3 Member=Component 2 12-60
Added Member To Class: ClassName=输出板 Member=Component DC12V_IN Header 2
Added Member To Class: ClassName=U_电源3 Member=Component DC-DC1 12-5
Added Member To Class: ClassName=U_电源3 Member=Component DC-DC3 12-5
Added Member To Class: ClassName=U_ADC_USB Member=Component JP1 Header 6
Added Member To Class: ClassName=U_ADC_USB Member=Component JP6 Header 3
Added Member To Class: ClassName=U_ADC_USB Member=Component LED10 LED
Added Member To Class: ClassName=U_ADC_USB Member=Component P3 Header 2
Added Member To Class: ClassName=U_电源3 Member=Component P_C1 Cap Pol3
Added Member To Class: ClassName=U_电源3 Member=Component P_C2 Cap Pol3
Added Member To Class: ClassName=U_电源3 Member=Component P_C3 Cap Pol3
Added Member To Class: ClassName=U_电源3 Member=Component P_C4 10uF/100V
Added Member To Class: ClassName=U_电源3 Member=Component P_C5 Cap Pol3
Added Member To Class: ClassName=U_电源3 Member=Component P_C6 10uF/100V
Added Member To Class: ClassName=U_电源3 Member=Component P_C8 Cap Pol3
Added Member To Class: ClassName=U_电源3 Member=Component P_C9 Cap Pol3
Added Member To Class: ClassName=U_电源3 Member=Component P_F1 Fuse 1
Added Member To Class: ClassName=U_电源3 Member=Component P_F2 Fuse 1
Added Member To Class: ClassName=U_电源3 Member=Component P_L1 Inductor
Added Member To Class: ClassName=U_电源3 Member=Component P_L2 Inductor
Added Member To Class: ClassName=U_电源3 Member=Component P_L3 Inductor
Added Member To Class: ClassName=U_电源3 Member=Component P_L4 Inductor
Added Member To Class: ClassName=U_电源3 Member=Component P_L5 Inductor
Added Member To Class: ClassName=U_电源3 Member=Component P_L6 Inductor
Added Member To Class: ClassName=U_电源3 Member=Component P_L8 Inductor
Added Member To Class: ClassName=U_电源3 Member=Component P_L9 Inductor
Added Member To Class: ClassName=输出板 Member=Component POWER1 Header 3
Added Member To Class: ClassName=输出板 Member=Component POWER2 Header 3
Added Member To Class: ClassName=输出板 Member=Component POWER3 Header 3
Added Member To Class: ClassName=输出板 Member=Component R2 10k
Added Member To Class: ClassName=输出板 Member=Component R7 10k
Added Member To Class: ClassName=输出板 Member=Component R8 1k
Added Member To Class: ClassName=输出板 Member=Component R19 1k
Added Member To Class: ClassName=输出板 Member=Component TLP521-2 U?
Added Member To Class: ClassName=U_Li_Monitor Member=Component U200 L7805
Added Member To Class: ClassName=U_Li_Monitor Member=Component U201 CN1185
Added Room: Name=U_ADC_USB
Added Room: Name=U_Li_Monitor
Added Room: Name=U_电源3
Added Room: Name=输出板
Added Room: Name=高压刺激电路
