Change Component DesignItemId : Designator=DC-DC1 Old DesignItemId= New DesignItemId=12-5
Change Component DesignItemId : Designator=DC-DC3 Old DesignItemId= New DesignItemId=12-5
Change Component DesignItemId : Designator=2 Old DesignItemId= New DesignItemId=12-60
Change Component DesignItemId : Designator=U1 Old DesignItemId= New DesignItemId=AMS1117
Change Component DesignItemId : Designator=U201 Old DesignItemId= New DesignItemId=CN1185
Change Component DesignItemId : Designator=U200 Old DesignItemId= New DesignItemId=L7805
Change Component DesignItemId : Designator=U4 Old DesignItemId= New DesignItemId=MAX14803
Change Component DesignItemId : Designator=R16 Old DesignItemId= New DesignItemId=Res3
Change Component DesignItemId : Designator=R17 Old DesignItemId= New DesignItemId=Res3
Change Component DesignItemId : Designator=P7 Old DesignItemId= New DesignItemId=ST-LINK
Change Component DesignItemId : Designator=U3 Old DesignItemId= New DesignItemId=STM32F103VET6
Change Component DesignItemId : Designator=U5 Old DesignItemId= New DesignItemId=TLP521-4
Change Component DesignItemId : Designator=P_F1 Old DesignItemId=Fu New DesignItemId=Fuse 1
Change Component DesignItemId : Designator=P_F2 Old DesignItemId=Fu New DesignItemId=Fuse 1
Change Component DesignItemId : Designator=R11 Old DesignItemId=ResVa New DesignItemId=ResVari
Change Component DesignItemId : Designator=R12 Old DesignItemId=ResVa New DesignItemId=ResVari
Change Component DesignItemId : Designator=U2 Old DesignItemId=TLC22 New DesignItemId=TLC2252
Change Component Description : Designator=P_F1 Old Description= New Description=Fuse
Change Component Description : Designator=P_F2 Old Description= New Description=Fuse
Change Component Description : Designator=P_F3 Old Description= New Description=Fuse
Change Component Description : Designator=P6 Old Description= New Description=Header, 2-Pin
Change Component Description : Designator=P8 Old Description= New Description=Header, 2-Pin
Change Component Description : Designator=P9 Old Description= New Description=Header, 2-Pin
Change Component Description : Designator=P_L1 Old Description= New Description=Inductor
Change Component Description : Designator=P_L2 Old Description= New Description=Inductor
Change Component Description : Designator=P_L3 Old Description= New Description=Inductor
Change Component Description : Designator=P_L4 Old Description= New Description=Inductor
Change Component Description : Designator=P_L5 Old Description= New Description=Inductor
Change Component Description : Designator=P_L6 Old Description= New Description=Inductor
Change Component Description : Designator=P_L8 Old Description= New Description=Inductor
Change Component Description : Designator=P_L9 Old Description= New Description=Inductor
Change Component Description : Designator=U4 Old Description= New Description=MAX14803
Change Component Description : Designator=R16 Old Description= New Description=Resistor
Change Component Description : Designator=R17 Old Description= New Description=Resistor
Change Component Description : Designator=S1 Old Description= New Description=Switch-按键
Change Component Description : Designator=D1 Old Description=1.0 Ampere Schottky Ba New Description=1.0 Ampere Schottky Barrier Rectifiers
Change Component Description : Designator=C11 Old Description=Capacitor (Semicond New Description=Capacitor (Semiconductor SIM Model)
Change Component Description : Designator=C19 Old Description=Capacitor (Semicond New Description=Capacitor (Semiconductor SIM Model)
Change Component Description : Designator=C22 Old Description=Capacitor (Semicond New Description=Capacitor (Semiconductor SIM Model)
Change Component Description : Designator=C24 Old Description=Capacitor (Semicond New Description=Capacitor (Semiconductor SIM Model)
Change Component Description : Designator=C25 Old Description=Capacitor (Semicond New Description=Capacitor (Semiconductor SIM Model)
Change Component Description : Designator=C26 Old Description=Capacitor (Semicond New Description=Capacitor (Semiconductor SIM Model)
Change Component Description : Designator=C27 Old Description=Capacitor (Semicond New Description=Capacitor (Semiconductor SIM Model)
Change Component Description : Designator=C28 Old Description=Capacitor (Semicond New Description=Capacitor (Semiconductor SIM Model)
Change Component Description : Designator=C29 Old Description=Capacitor (Semicond New Description=Capacitor (Semiconductor SIM Model)
Change Component Description : Designator=C30 Old Description=Capacitor (Semicond New Description=Capacitor (Semiconductor SIM Model)
Change Component Description : Designator=C31 Old Description=Capacitor (Semicond New Description=Capacitor (Semiconductor SIM Model)
Change Component Description : Designator=C33 Old Description=Capacitor (Semicond New Description=Capacitor (Semiconductor SIM Model)
Change Component Description : Designator=C35 Old Description=Capacitor (Semicond New Description=Capacitor (Semiconductor SIM Model)
Change Component Description : Designator=C36 Old Description=Capacitor (Semicond New Description=Capacitor (Semiconductor SIM Model)
Change Component Description : Designator=C37 Old Description=Capacitor (Semicond New Description=Capacitor (Semiconductor SIM Model)
Change Component Description : Designator=C38 Old Description=Capacitor (Semicond New Description=Capacitor (Semiconductor SIM Model)
Change Component Description : Designator=C39 Old Description=Capacitor (Semicond New Description=Capacitor (Semiconductor SIM Model)
Change Component Description : Designator=Y1 Old Description=Crystal Os New Description=Crystal Oscillator
Change Component Description : Designator=P3 Old Description=Header, 2 New Description=Header, 2-Pin
Change Component Description : Designator=JP6 Old Description=Header, 3 New Description=Header, 3-Pin
Change Component Description : Designator=POWER1 Old Description=Header, 3 New Description=Header, 3-Pin
Change Component Description : Designator=POWER2 Old Description=Header, 3 New Description=Header, 3-Pin
Change Component Description : Designator=POWER3 Old Description=Header, 3 New Description=Header, 3-Pin
Change Component Description : Designator=POWER4 Old Description=Header, 3 New Description=Header, 3-Pin
Change Component Description : Designator=P4 Old Description=Header, 4 New Description=Header, 4-Pin
Change Component Description : Designator=P5 Old Description=Header, 5 New Description=Header, 5-Pin
Change Component Description : Designator=JP1 Old Description=Header, 6 New Description=Header, 6-Pin
Change Component Description : Designator=P1 Old Description=Header, 17 New Description=Header, 17-Pin, Dual row
Change Component Description : Designator=Q5 Old Description=NPN General P New Description=NPN General Purpose Amplifier
Change Component Description : Designator=Q7 Old Description=NPN General P New Description=NPN General Purpose Amplifier
Change Component Description : Designator=Q8 Old Description=NPN General P New Description=NPN General Purpose Amplifier
Change Component Description : Designator=Q9 Old Description=NPN General P New Description=NPN General Purpose Amplifier
Change Component Description : Designator=Q10 Old Description=NPN General P New Description=NPN General Purpose Amplifier
Change Component Description : Designator=Q1 Old Description=PNP General P New Description=PNP General Purpose Amplifier
Change Component Description : Designator=Q2 Old Description=PNP General P New Description=PNP General Purpose Amplifier
Change Component Description : Designator=Q3 Old Description=PNP General P New Description=PNP General Purpose Amplifier
Change Component Description : Designator=Q4 Old Description=PNP General P New Description=PNP General Purpose Amplifier
Change Component Description : Designator=Q6 Old Description=PNP General P New Description=PNP General Purpose Amplifier
Change Component Description : Designator=C20 Old Description=Polarized C New Description=Polarized Capacitor (Radial)
Change Component Description : Designator=C21 Old Description=Polarized C New Description=Polarized Capacitor (Radial)
Change Component Description : Designator=C23 Old Description=Polarized C New Description=Polarized Capacitor (Radial)
Change Component Description : Designator=P_C1 Old Description=Polarized Capacitor (Surfac New Description=Polarized Capacitor (Surface Mount)
Change Component Description : Designator=P_C2 Old Description=Polarized Capacitor (Surfac New Description=Polarized Capacitor (Surface Mount)
Change Component Description : Designator=P_C3 Old Description=Polarized Capacitor (Surfac New Description=Polarized Capacitor (Surface Mount)
Change Component Description : Designator=P_C4 Old Description=Polarized Capacitor (Surfac New Description=Polarized Capacitor (Surface Mount)
Change Component Description : Designator=P_C5 Old Description=Polarized Capacitor (Surfac New Description=Polarized Capacitor (Surface Mount)
Change Component Description : Designator=P_C6 Old Description=Polarized Capacitor (Surfac New Description=Polarized Capacitor (Surface Mount)
Change Component Description : Designator=P_C8 Old Description=Polarized Capacitor (Surfac New Description=Polarized Capacitor (Surface Mount)
Change Component Description : Designator=P_C9 Old Description=Polarized Capacitor (Surfac New Description=Polarized Capacitor (Surface Mount)
Change Component Description : Designator=C32 Old Description=Polarized Capacitor (Surface Moun New Description=Polarized Capacitor (Surface Mount)
Change Component Description : Designator=C34 Old Description=Polarized Capacitor (Surface Moun New Description=Polarized Capacitor (Surface Mount)
Change Component Description : Designator=R9 Old Description=Resi New Description=Resistor
Change Component Description : Designator=R10 Old Description=Resi New Description=Resistor
Change Component Description : Designator=R13 Old Description=Resi New Description=Resistor
Change Component Description : Designator=R14 Old Description=Resi New Description=Resistor
Change Component Description : Designator=R15 Old Description=Resi New Description=Resistor
Change Component Description : Designator=R2 Old Description=Resist New Description=Resistor
Change Component Description : Designator=R7 Old Description=Resist New Description=Resistor
Change Component Description : Designator=R8 Old Description=Resist New Description=Resistor
Change Component Description : Designator=R19 Old Description=Resist New Description=Resistor
Change Component Description : Designator=R21 Old Description=Resist New Description=Resistor
Change Component Description : Designator=R22 Old Description=Resist New Description=Resistor
Change Component Description : Designator=R23 Old Description=Resist New Description=Resistor
Change Component Description : Designator=R24 Old Description=Resist New Description=Resistor
Change Component Library : Designator=U200 Old Library=8通道刺激仪 New Library=8通道刺激仪.SchLib
Change Component Library : Designator=U201 Old Library=8通道刺激仪 New Library=8通道刺激仪.SchLib
Change Component Library : Designator=DC-DC1 Old Library=8通道刺激仪.S New Library=8通道刺激仪.SchLib
Change Component Library : Designator=DC-DC3 Old Library=8通道刺激仪.S New Library=8通道刺激仪.SchLib
Change Component Library : Designator=U5 Old Library=常用器件原理? New Library=常用器件原理图库.SchLib
Change Component Library : Designator=2 Old Library=常用器件原理图? New Library=常用器件原理图库.SchLib
Change Component Library : Designator=P7 Old Library=常用器件原理图? New Library=常用器件原理图库.SchLib
Change Component Library : Designator=U1 Old Library=常用器件原理图? New Library=常用器件原理图库.SchLib
Added Component: Designator=K1(PCBComponent_1)
Added Component: Designator=K2(PCBComponent_1)
Added Component: Designator=P10(HDR1X2)
Added Component: Designator=P11(HDR1X2)
Added Component: Designator=P12(HDR1X2)
Added Component: Designator=P13(HDR1X2)
Added Component: Designator=P14(HDR2X4_CEN)
Added Component: Designator=P15(HDR1X5H)
Added Component: Designator=P?(HDR2X2)
Added Component: Designator=R100(C1608-0603)
Added Pin To Net: NetName=PE4 Pin=K1-1
Added Pin To Net: NetName=PE5 Pin=K2-1
Added Pin To Net: NetName=GND5V2 Pin=P13-1
Added Pin To Net: NetName=GND5V2 Pin=P14-1
Added Pin To Net: NetName=GND5V2 Pin=P14-3
Added Pin To Net: NetName=PA9 Pin=P14-4
Added Pin To Net: NetName=PA10 Pin=P14-5
Added Pin To Net: NetName=3.3V Pin=P14-6
Added Pin To Net: NetName=3.3V Pin=P14-8
Added Pin To Net: NetName=VCC5V2 Pin=P15-1
Added Pin To Net: NetName=3.3V Pin=P15-2
Added Pin To Net: NetName=PD8 Pin=P15-3
Added Pin To Net: NetName=PD9 Pin=P15-4
Added Pin To Net: NetName=GND5V2 Pin=P15-5
Added Pin To Net: NetName=VCC5V2 Pin=R100-2
Added Pin To Net: NetName=NetP10_1 Pin=P10-1
Added Pin To Net: NetName=NetP10_1 Pin=U2-6
Added Net: Name=NetP10_1
Added Pin To Net: NetName=NetP10_2 Pin=P10-2
Added Pin To Net: NetName=NetP10_2 Pin=P12-2
Added Pin To Net: NetName=NetP10_2 Pin=Q6-1
Added Pin To Net: NetName=NetP10_2 Pin=R11-2
Added Pin To Net: NetName=NetP10_2 Pin=R100-1
Added Net: Name=NetP10_2
Added Pin To Net: NetName=NetP11_1 Pin=P11-1
Added Pin To Net: NetName=NetP11_1 Pin=Q5-2
Added Net: Name=NetP11_1
Added Pin To Net: NetName=NetP11_2 Pin=P11-2
Added Pin To Net: NetName=NetP11_2 Pin=U2-1
Added Net: Name=NetP11_2
Added Pin To Net: NetName=NetP12_1 Pin=P12-1
Added Pin To Net: NetName=NetP12_1 Pin=P13-2
Added Pin To Net: NetName=NetP12_1 Pin=P?-2
Added Pin To Net: NetName=NetP12_1 Pin=Q6-2
Added Pin To Net: NetName=NetP12_1 Pin=U2-7
Added Net: Name=NetP12_1
Added Member To Class: ClassName=高压刺激电路 Member=Component K1 RESET
Added Member To Class: ClassName=高压刺激电路 Member=Component K2 RESET
Added Member To Class: ClassName=高压刺激电路 Member=Component P10 Header 2
Added Member To Class: ClassName=高压刺激电路 Member=Component P11 Header 2
Added Member To Class: ClassName=高压刺激电路 Member=Component P12 Header 2
Added Member To Class: ClassName=高压刺激电路 Member=Component P13 Header 2
Added Member To Class: ClassName=高压刺激电路 Member=Component P14 Header 4X2A
Added Member To Class: ClassName=高压刺激电路 Member=Component P15 Header 5H
Added Member To Class: ClassName=高压刺激电路 Member=Component P? Header 2X2
Added Member To Class: ClassName=高压刺激电路 Member=Component R100 Res3
Added Room: Name=U_ADC_USB
Added Room: Name=U_Li_Monitor
Added Room: Name=U_电源3
Added Room: Name=输出板
Added Room: Name=高压刺激电路
