Removed Pin From Net: NetName=NetR8_2 Pin=TLP521-2-1
Removed Pin From Net: NetName=66 Pin=TLP521-2-2
Removed Pin From Net: NetName=NetR19_2 Pin=TLP521-2-3
Removed Pin From Net: NetName=67 Pin=TLP521-2-4
Removed Pin From Net: NetName=GND5V2 Pin=TLP521-2-5
Removed Pin From Net: NetName=INPUT_IN2 Pin=TLP521-2-6
Removed Pin From Net: NetName=GND5V2 Pin=TLP521-2-7
Removed Pin From Net: NetName=INPUT_IN1 Pin=TLP521-2-8
Removed Member From Class: ClassName=Êä³ö°å Member=TLP521-2
Added Component: Designator=R21(R0603)
Added Component: Designator=R22(R0603)
Added Component: Designator=R23(R0603)
Added Component: Designator=R24(R0603)
Added Pin To Net: NetName=3.3V Pin=R21-1
Added Pin To Net: NetName=3.3V Pin=R22-2
Added Pin To Net: NetName=A3V3 Pin=R23-1
Added Pin To Net: NetName=A3V3 Pin=R24-1
Change Net Name : Old Net Name=PD0 New Net Name=E1_AMP
Added Pin To Net: NetName=E2_AMP Pin=R22-1
Added Pin To Net: NetName=E2_AMP Pin=U3-82
Added Net: Name=E2_AMP
Added Pin To Net: NetName=NetR21_2 Pin=R21-2
Added Net: Name=NetR21_2
Added Pin To Net: NetName=NetR23_2 Pin=R23-2
Added Net: Name=NetR23_2
Added Pin To Net: NetName=NetR24_2 Pin=R24-2
Added Net: Name=NetR24_2
Added Member To Class: ClassName=Êä³ö°å Member=Component R21 10k
Added Member To Class: ClassName=Êä³ö°å Member=Component R22 10k
Added Member To Class: ClassName=Êä³ö°å Member=Component R23 1k
Added Member To Class: ClassName=Êä³ö°å Member=Component R24 1k
